{"name": "选择不同区域登录", "status": "broken", "statusDetails": {"message": "selenium.common.exceptions.TimeoutException: Message: \nStacktrace:\nNoSuchElementError: An element could not be located on the page using the given search parameters.\n    at AndroidUiautomator2Driver.findElOrEls (C:\\Program Files\\Appium Server GUI\\resources\\app\\node_modules\\appium\\node_modules\\appium-android-driver\\lib\\commands\\find.js:75:11)\n    at runMicrotasks (<anonymous>)\n    at processTicksAndRejections (internal/process/task_queues.js:97:5)\n    at AndroidUiautomator2Driver.findElOrElsWithProcessing (C:\\Program Files\\Appium Server GUI\\resources\\app\\node_modules\\appium\\node_modules\\appium-base-driver\\lib\\basedriver\\commands\\find.js:33:12)\n    at AndroidUiautomator2Driver.findElement (C:\\Program Files\\Appium Server GUI\\resources\\app\\node_modules\\appium\\node_modules\\appium-base-driver\\lib\\basedriver\\commands\\find.js:53:10)", "trace": "self = <cases.app_ui.android.test_login.TestLogin object at 0x0000028323A4A990>, case = {'area': '日本', 'description': '搜索区域并选择选择不同的区域登录', 'expected': '登录成功', 'method': 'search', ...}\n\n    @allure.feature(\"登录模块\")\n    @allure.title(\"选择不同区域登录\")\n    @pytest.mark.parametrize(\n        \"case\",\n        case_data[\"login_area_cases\"],\n    )\n    def test_login_with_area(self, case):\n        \"\"\"\n        选择不同区域登录\n        \"\"\"\n        INFO.logger.info(case)\n    \n        # 选择不同区域\n>       self.lg.click_location()\n\ncases\\app_ui\\android\\test_login.py:92: \n_ _ _ _ _ _ _ _ _ _ _ _ _ _ _ _ _ _ _ _ _ _ _ _ _ _ _ _ _ _ _ _ _ _ _ _ _ _ _ _ _ _ _ _ _ _ _ _ _ _ _ _ _ _ _ _ _ _ _ _ _ _ _ _ _ _ _ _ _ _ _ _ _ _ _ _ _ _ _ _ _ _ _ _ _ _ _ _ _ _ _ _ _ _ _ _ _ _ _ \npage_objects\\app_ui\\android\\pages\\login_page.py:73: in click_location\n    self.click(*le.ACCOUNT_AREA)\ncommon\\appium\\appOperator.py:147: in click\n    self.locator(name, text).click()\ncommon\\appium\\appOperator.py:58: in locator\n    element = self.wait.until(ec.visibility_of_element_located((name, text)))\n_ _ _ _ _ _ _ _ _ _ _ _ _ _ _ _ _ _ _ _ _ _ _ _ _ _ _ _ _ _ _ _ _ _ _ _ _ _ _ _ _ _ _ _ _ _ _ _ _ _ _ _ _ _ _ _ _ _ _ _ _ _ _ _ _ _ _ _ _ _ _ _ _ _ _ _ _ _ _ _ _ _ _ _ _ _ _ _ _ _ _ _ _ _ _ _ _ _ _ \n\nself = <selenium.webdriver.support.wait.WebDriverWait (session=\"c2dcb5f3-1f4c-4201-88d8-66680d6cd9b7\")>, method = <function visibility_of_element_located.<locals>._predicate at 0x0000028323DB74C0>\nmessage = ''\n\n    def until(self, method, message=''):\n        \"\"\"Calls the method provided with the driver as an argument until the \\\n        return value does not evaluate to ``False``.\n    \n        :param method: callable(WebDriver)\n        :param message: optional message for :exc:`TimeoutException`\n        :returns: the result of the last call to `method`\n        :raises: :exc:`selenium.common.exceptions.TimeoutException` if timeout occurs\n        \"\"\"\n        screen = None\n        stacktrace = None\n    \n        end_time = time.time() + self._timeout\n        while True:\n            try:\n                value = method(self._driver)\n                if value:\n                    return value\n            except InvalidSelectorException as e:\n                raise e\n            except self._ignored_exceptions as exc:\n                screen = getattr(exc, 'screen', None)\n                stacktrace = getattr(exc, 'stacktrace', None)\n            time.sleep(self._poll)\n            if time.time() > end_time:\n                break\n>       raise TimeoutException(message, screen, stacktrace)\nE       selenium.common.exceptions.TimeoutException: Message: \nE       Stacktrace:\nE       NoSuchElementError: An element could not be located on the page using the given search parameters.\nE           at AndroidUiautomator2Driver.findElOrEls (C:\\Program Files\\Appium Server GUI\\resources\\app\\node_modules\\appium\\node_modules\\appium-android-driver\\lib\\commands\\find.js:75:11)\nE           at runMicrotasks (<anonymous>)\nE           at processTicksAndRejections (internal/process/task_queues.js:97:5)\nE           at AndroidUiautomator2Driver.findElOrElsWithProcessing (C:\\Program Files\\Appium Server GUI\\resources\\app\\node_modules\\appium\\node_modules\\appium-base-driver\\lib\\basedriver\\commands\\find.js:33:12)\nE           at AndroidUiautomator2Driver.findElement (C:\\Program Files\\Appium Server GUI\\resources\\app\\node_modules\\appium\\node_modules\\appium-base-driver\\lib\\basedriver\\commands\\find.js:53:10)\n\nC:\\Users\\w8345\\.conda\\envs\\pytestAutoApi\\Lib\\site-packages\\selenium\\webdriver\\support\\wait.py:89: TimeoutException"}, "description": "\n        选择不同区域登录\n        ", "attachments": [{"name": "log", "source": "335c4240-2a36-4664-8f27-c1e86f32d9a4-attachment.txt", "type": "text/plain"}], "parameters": [{"name": "case", "value": "{'username': '834532523@qq.com', 'password': 'w12345678', 'expected': '登录成功', 'description': '搜索区域并选择选择不同的区域登录', 'area': '日本', 'method': 'search'}"}], "start": 1757639322682, "stop": 1757639332733, "uuid": "ae2dfee3-8c43-4c24-af9c-fb29dd5191ee", "historyId": "d7b4a7bf6bf316920e6d27728f603efc", "testCaseId": "0fdb06ccf8d828f11992ce679667b91c", "fullName": "cases.app_ui.android.test_login.TestLogin#test_login_with_area", "labels": [{"name": "feature", "value": "登录模块"}, {"name": "parentSuite", "value": "cases.app_ui.android"}, {"name": "suite", "value": "test_login"}, {"name": "subSuite", "value": "TestLogin"}, {"name": "host", "value": "wk"}, {"name": "thread", "value": "18348-MainThread"}, {"name": "framework", "value": "pytest"}, {"name": "language", "value": "cpython3"}, {"name": "package", "value": "cases.app_ui.android.test_login"}]}