{"name": "未勾选隐私协议", "status": "broken", "statusDetails": {"message": "selenium.common.exceptions.TimeoutException: Message: \nStacktrace:\nNoSuchElementError: An element could not be located on the page using the given search parameters.\n    at AndroidUiautomator2Driver.findElOrEls (C:\\Program Files\\Appium Server GUI\\resources\\app\\node_modules\\appium\\node_modules\\appium-android-driver\\lib\\commands\\find.js:75:11)\n    at runMicrotasks (<anonymous>)\n    at processTicksAndRejections (internal/process/task_queues.js:97:5)\n    at AndroidUiautomator2Driver.findElOrElsWithProcessing (C:\\Program Files\\Appium Server GUI\\resources\\app\\node_modules\\appium\\node_modules\\appium-base-driver\\lib\\basedriver\\commands\\find.js:33:12)\n    at AndroidUiautomator2Driver.findElement (C:\\Program Files\\Appium Server GUI\\resources\\app\\node_modules\\appium\\node_modules\\appium-base-driver\\lib\\basedriver\\commands\\find.js:53:10)", "trace": "self = <cases.app_ui.android.test_login.TestLogin object at 0x00000266A8146D10>, case = {'description': '未同意协议', 'expected': '请阅读并同意用户协议', 'password': 'w12345678', 'username': '834532523@qq.com'}\n\n    @allure.feature(\"登录模块\")\n    @allure.title(\"未勾选隐私协议\")\n    @pytest.mark.parametrize(\n        \"case\",\n        case_data[\"login_without_agreement\"],\n    )\n    def test_login_without_agreement(self, case):\n        \"\"\"\n        未勾选隐私协议\n        \"\"\"\n        INFO.logger.info(case)\n    \n        # 输入账号密码\n>       self.lg.enter_username(case[\"username\"])\n\ncases\\app_ui\\android\\test_login.py:65: \n_ _ _ _ _ _ _ _ _ _ _ _ _ _ _ _ _ _ _ _ _ _ _ _ _ _ _ _ _ _ _ _ _ _ _ _ _ _ _ _ _ _ _ _ _ _ _ _ _ _ _ _ _ _ _ _ _ _ _ _ _ _ _ _ _ _ _ _ _ _ _ _ _ _ _ _ _ _ _ _ _ _ _ _ _ _ _ _ _ _ _ _ _ _ _ _ _ _ _ \npage_objects\\app_ui\\android\\pages\\login_page.py:28: in enter_username\n    self.clear(*le.ACCOUNT)\ncommon\\appium\\appOperator.py:137: in clear\n    self.locator(name, text).clear()\ncommon\\appium\\appOperator.py:58: in locator\n    element = self.wait.until(ec.visibility_of_element_located((name, text)))\n_ _ _ _ _ _ _ _ _ _ _ _ _ _ _ _ _ _ _ _ _ _ _ _ _ _ _ _ _ _ _ _ _ _ _ _ _ _ _ _ _ _ _ _ _ _ _ _ _ _ _ _ _ _ _ _ _ _ _ _ _ _ _ _ _ _ _ _ _ _ _ _ _ _ _ _ _ _ _ _ _ _ _ _ _ _ _ _ _ _ _ _ _ _ _ _ _ _ _ \n\nself = <selenium.webdriver.support.wait.WebDriverWait (session=\"fa4f05ba-2b90-4145-ad6d-e03873606e35\")>, method = <function visibility_of_element_located.<locals>._predicate at 0x00000266A847B240>\nmessage = ''\n\n    def until(self, method, message=''):\n        \"\"\"Calls the method provided with the driver as an argument until the \\\n        return value does not evaluate to ``False``.\n    \n        :param method: callable(WebDriver)\n        :param message: optional message for :exc:`TimeoutException`\n        :returns: the result of the last call to `method`\n        :raises: :exc:`selenium.common.exceptions.TimeoutException` if timeout occurs\n        \"\"\"\n        screen = None\n        stacktrace = None\n    \n        end_time = time.time() + self._timeout\n        while True:\n            try:\n                value = method(self._driver)\n                if value:\n                    return value\n            except InvalidSelectorException as e:\n                raise e\n            except self._ignored_exceptions as exc:\n                screen = getattr(exc, 'screen', None)\n                stacktrace = getattr(exc, 'stacktrace', None)\n            time.sleep(self._poll)\n            if time.time() > end_time:\n                break\n>       raise TimeoutException(message, screen, stacktrace)\nE       selenium.common.exceptions.TimeoutException: Message: \nE       Stacktrace:\nE       NoSuchElementError: An element could not be located on the page using the given search parameters.\nE           at AndroidUiautomator2Driver.findElOrEls (C:\\Program Files\\Appium Server GUI\\resources\\app\\node_modules\\appium\\node_modules\\appium-android-driver\\lib\\commands\\find.js:75:11)\nE           at runMicrotasks (<anonymous>)\nE           at processTicksAndRejections (internal/process/task_queues.js:97:5)\nE           at AndroidUiautomator2Driver.findElOrElsWithProcessing (C:\\Program Files\\Appium Server GUI\\resources\\app\\node_modules\\appium\\node_modules\\appium-base-driver\\lib\\basedriver\\commands\\find.js:33:12)\nE           at AndroidUiautomator2Driver.findElement (C:\\Program Files\\Appium Server GUI\\resources\\app\\node_modules\\appium\\node_modules\\appium-base-driver\\lib\\basedriver\\commands\\find.js:53:10)\n\nC:\\Users\\w8345\\.conda\\envs\\pytestAutoApi\\Lib\\site-packages\\selenium\\webdriver\\support\\wait.py:89: TimeoutException"}, "description": "\n        未勾选隐私协议\n        ", "attachments": [{"name": "log", "source": "60657b04-715b-488c-9876-8d2e1e51c696-attachment.txt", "type": "text/plain"}], "parameters": [{"name": "case", "value": "{'username': '834532523@qq.com', 'password': 'w12345678', 'expected': '请阅读并同意用户协议', 'description': '未同意协议'}"}], "start": 1757647389259, "stop": 1757647399641, "uuid": "fc250441-b330-47c4-82a0-f293d1121e67", "historyId": "483d765207f5b25c593797bc68329a6b", "testCaseId": "6e73b1d94bac54e424689c79ae2a2d1c", "fullName": "cases.app_ui.android.test_login.TestLogin#test_login_without_agreement", "labels": [{"name": "feature", "value": "登录模块"}, {"name": "parentSuite", "value": "cases.app_ui.android"}, {"name": "suite", "value": "test_login"}, {"name": "subSuite", "value": "TestLogin"}, {"name": "host", "value": "wk"}, {"name": "thread", "value": "25772-MainThread"}, {"name": "framework", "value": "pytest"}, {"name": "language", "value": "cpython3"}, {"name": "package", "value": "cases.app_ui.android.test_login"}]}