{"name": "忘记密码", "status": "broken", "statusDetails": {"message": "selenium.common.exceptions.TimeoutException: Message: \nStacktrace:\nNoSuchElementError: An element could not be located on the page using the given search parameters.\n    at AndroidUiautomator2Driver.findElOrEls (C:\\Program Files\\Appium Server GUI\\resources\\app\\node_modules\\appium\\node_modules\\appium-android-driver\\lib\\commands\\find.js:75:11)\n    at runMicrotasks (<anonymous>)\n    at processTicksAndRejections (internal/process/task_queues.js:97:5)\n    at AndroidUiautomator2Driver.findElOrElsWithProcessing (C:\\Program Files\\Appium Server GUI\\resources\\app\\node_modules\\appium\\node_modules\\appium-base-driver\\lib\\basedriver\\commands\\find.js:33:12)\n    at AndroidUiautomator2Driver.findElement (C:\\Program Files\\Appium Server GUI\\resources\\app\\node_modules\\appium\\node_modules\\appium-base-driver\\lib\\basedriver\\commands\\find.js:53:10)", "trace": "self = <cases.app_ui.android.test_login.TestLogin object at 0x00000237FF5B9010>, case = {'area': '挪威', 'description': '滑动选择不同的区域登录', 'expected': '登录成功', 'method': 'swipe', ...}\n\n    @allure.feature(\"登录模块\")\n    @allure.title(\"忘记密码\")\n    @pytest.mark.parametrize(\n        \"case\",\n        case_data[\"login_area_cases\"],\n    )\n    def test_forget_password(self, case):\n        \"\"\"\n        忘记密码\n        \"\"\"\n        INFO.logger.info(case)\n    \n        # 点击忘记密码\n>       self.lg.click_forget_password()\n\ncases\\app_ui\\android\\test_login.py:121: \n_ _ _ _ _ _ _ _ _ _ _ _ _ _ _ _ _ _ _ _ _ _ _ _ _ _ _ _ _ _ _ _ _ _ _ _ _ _ _ _ _ _ _ _ _ _ _ _ _ _ _ _ _ _ _ _ _ _ _ _ _ _ _ _ _ _ _ _ _ _ _ _ _ _ _ _ _ _ _ _ _ _ _ _ _ _ _ _ _ _ _ _ _ _ _ _ _ _ _ \npage_objects\\app_ui\\android\\pages\\login_page.py:43: in click_forget_password\n    self.click(*le.FORGET_PASSWORD)\ncommon\\appium\\appOperator.py:147: in click\n    self.locator(name, text).click()\ncommon\\appium\\appOperator.py:58: in locator\n    element = self.wait.until(ec.visibility_of_element_located((name, text)))\n_ _ _ _ _ _ _ _ _ _ _ _ _ _ _ _ _ _ _ _ _ _ _ _ _ _ _ _ _ _ _ _ _ _ _ _ _ _ _ _ _ _ _ _ _ _ _ _ _ _ _ _ _ _ _ _ _ _ _ _ _ _ _ _ _ _ _ _ _ _ _ _ _ _ _ _ _ _ _ _ _ _ _ _ _ _ _ _ _ _ _ _ _ _ _ _ _ _ _ \n\nself = <selenium.webdriver.support.wait.WebDriverWait (session=\"6abfa895-acae-48eb-b144-046d9fc27ae9\")>, method = <function visibility_of_element_located.<locals>._predicate at 0x00000237FF8E3F60>\nmessage = ''\n\n    def until(self, method, message=''):\n        \"\"\"Calls the method provided with the driver as an argument until the \\\n        return value does not evaluate to ``False``.\n    \n        :param method: callable(WebDriver)\n        :param message: optional message for :exc:`TimeoutException`\n        :returns: the result of the last call to `method`\n        :raises: :exc:`selenium.common.exceptions.TimeoutException` if timeout occurs\n        \"\"\"\n        screen = None\n        stacktrace = None\n    \n        end_time = time.time() + self._timeout\n        while True:\n            try:\n                value = method(self._driver)\n                if value:\n                    return value\n            except InvalidSelectorException as e:\n                raise e\n            except self._ignored_exceptions as exc:\n                screen = getattr(exc, 'screen', None)\n                stacktrace = getattr(exc, 'stacktrace', None)\n            time.sleep(self._poll)\n            if time.time() > end_time:\n                break\n>       raise TimeoutException(message, screen, stacktrace)\nE       selenium.common.exceptions.TimeoutException: Message: \nE       Stacktrace:\nE       NoSuchElementError: An element could not be located on the page using the given search parameters.\nE           at AndroidUiautomator2Driver.findElOrEls (C:\\Program Files\\Appium Server GUI\\resources\\app\\node_modules\\appium\\node_modules\\appium-android-driver\\lib\\commands\\find.js:75:11)\nE           at runMicrotasks (<anonymous>)\nE           at processTicksAndRejections (internal/process/task_queues.js:97:5)\nE           at AndroidUiautomator2Driver.findElOrElsWithProcessing (C:\\Program Files\\Appium Server GUI\\resources\\app\\node_modules\\appium\\node_modules\\appium-base-driver\\lib\\basedriver\\commands\\find.js:33:12)\nE           at AndroidUiautomator2Driver.findElement (C:\\Program Files\\Appium Server GUI\\resources\\app\\node_modules\\appium\\node_modules\\appium-base-driver\\lib\\basedriver\\commands\\find.js:53:10)\n\nC:\\Users\\w8345\\.conda\\envs\\pytestAutoApi\\Lib\\site-packages\\selenium\\webdriver\\support\\wait.py:89: TimeoutException"}, "description": "\n        忘记密码\n        ", "attachments": [{"name": "log", "source": "c7f21383-974c-4b3c-a919-66cb1cd5475d-attachment.txt", "type": "text/plain"}], "parameters": [{"name": "case", "value": "{'username': '834532523@qq.com', 'password': 'w12345678', 'expected': '登录成功', 'description': '滑动选择不同的区域登录', 'area': '挪威', 'method': 'swipe'}"}], "start": 1757643124195, "stop": 1757643134267, "uuid": "a71df684-f668-4831-9d16-eac976527b33", "historyId": "1c215f09c0f2b97ee25e5d175853b768", "testCaseId": "36566176abfe5d05e4d05a870e56aebf", "fullName": "cases.app_ui.android.test_login.TestLogin#test_forget_password", "labels": [{"name": "feature", "value": "登录模块"}, {"name": "parentSuite", "value": "cases.app_ui.android"}, {"name": "suite", "value": "test_login"}, {"name": "subSuite", "value": "TestLogin"}, {"name": "host", "value": "wk"}, {"name": "thread", "value": "23792-MainThread"}, {"name": "framework", "value": "pytest"}, {"name": "language", "value": "cpython3"}, {"name": "package", "value": "cases.app_ui.android.test_login"}]}